\BOOKMARK [0][-]{chapter.1}{\376\377\000N\000a\000m\000e\000s\000p\000a\000c\000e\000\040\000I\000n\000d\000e\000x}{}
\BOOKMARK [1][-]{section.1.1}{\376\377\000N\000a\000m\000e\000s\000p\000a\000c\000e\000\040\000L\000i\000s\000t}{chapter.1}
\BOOKMARK [0][-]{chapter.2}{\376\377\000F\000i\000l\000e\000\040\000I\000n\000d\000e\000x}{}
\BOOKMARK [1][-]{section.2.1}{\376\377\000F\000i\000l\000e\000\040\000L\000i\000s\000t}{chapter.2}
\BOOKMARK [0][-]{chapter.3}{\376\377\000N\000a\000m\000e\000s\000p\000a\000c\000e\000\040\000D\000o\000c\000u\000m\000e\000n\000t\000a\000t\000i\000o\000n}{}
\BOOKMARK [1][-]{section.3.1}{\376\377\000E\000P\000A\000X\000\040\000N\000a\000m\000e\000s\000p\000a\000c\000e\000\040\000R\000e\000f\000e\000r\000e\000n\000c\000e}{chapter.3}
\BOOKMARK [2][-]{subsection.3.1.1}{\376\377\000T\000y\000p\000e\000d\000e\000f\000\040\000D\000o\000c\000u\000m\000e\000n\000t\000a\000t\000i\000o\000n}{section.3.1}
\BOOKMARK [3][-]{subsubsection.3.1.1.1}{\376\377\000B\000B\000L}{subsection.3.1.1}
\BOOKMARK [3][-]{subsubsection.3.1.1.2}{\376\377\000B\000I\000N}{subsection.3.1.1}
\BOOKMARK [3][-]{subsubsection.3.1.1.3}{\376\377\000C\000F\000G}{subsection.3.1.1}
\BOOKMARK [3][-]{subsubsection.3.1.1.4}{\376\377\000F\000L\000O\000W}{subsection.3.1.1}
\BOOKMARK [3][-]{subsubsection.3.1.1.5}{\376\377\000F\000U\000N\000C}{subsection.3.1.1}
\BOOKMARK [3][-]{subsubsection.3.1.1.6}{\376\377\000I\000N\000S\000N}{subsection.3.1.1}
\BOOKMARK [3][-]{subsubsection.3.1.1.7}{\376\377\000L\000O\000O\000P}{subsection.3.1.1}
\BOOKMARK [3][-]{subsubsection.3.1.1.8}{\376\377\000S\000E\000C\000T}{subsection.3.1.1}
\BOOKMARK [3][-]{subsubsection.3.1.1.9}{\376\377\000S\000Y\000M}{subsection.3.1.1}
\BOOKMARK [2][-]{subsection.3.1.2}{\376\377\000F\000u\000n\000c\000t\000i\000o\000n\000\040\000D\000o\000c\000u\000m\000e\000n\000t\000a\000t\000i\000o\000n}{section.3.1}
\BOOKMARK [3][-]{subsubsection.3.1.2.1}{\376\377\000B\000B\000L\000\137\000a\000d\000d\000r}{subsection.3.1.2}
\BOOKMARK [3][-]{subsubsection.3.1.2.2}{\376\377\000B\000B\000L\000\137\000c\000o\000u\000n\000t\000I\000n\000s\000n}{subsection.3.1.2}
\BOOKMARK [3][-]{subsubsection.3.1.2.3}{\376\377\000B\000B\000L\000\137\000c\000o\000u\000n\000t\000J\000u\000m\000p\000T\000a\000r\000g\000e\000t\000s}{subsection.3.1.2}
\BOOKMARK [3][-]{subsubsection.3.1.2.4}{\376\377\000B\000B\000L\000\137\000c\000o\000u\000n\000t\000S\000o\000u\000r\000c\000e\000s}{subsection.3.1.2}
\BOOKMARK [3][-]{subsubsection.3.1.2.5}{\376\377\000B\000B\000L\000\137\000c\000o\000u\000n\000t\000T\000a\000r\000g\000e\000t\000s}{subsection.3.1.2}
\BOOKMARK [3][-]{subsubsection.3.1.2.6}{\376\377\000B\000B\000L\000\137\000f\000a\000l\000l\000t\000h\000r\000o\000u\000g\000h\000T\000a\000r\000g\000e\000t}{subsection.3.1.2}
\BOOKMARK [3][-]{subsubsection.3.1.2.7}{\376\377\000B\000B\000L\000\137\000f\000i\000n\000d\000I\000n\000s\000n}{subsection.3.1.2}
\BOOKMARK [3][-]{subsubsection.3.1.2.8}{\376\377\000B\000B\000L\000\137\000f\000i\000r\000s\000t\000I\000n\000s\000n}{subsection.3.1.2}
\BOOKMARK [3][-]{subsubsection.3.1.2.9}{\376\377\000B\000B\000L\000\137\000f\000u\000n\000c}{subsection.3.1.2}
\BOOKMARK [3][-]{subsubsection.3.1.2.10}{\376\377\000B\000B\000L\000\137\000h\000a\000s\000F\000a\000l\000l\000t\000h\000r\000o\000u\000g\000h\000T\000a\000r\000g\000e\000t}{subsection.3.1.2}
\BOOKMARK [3][-]{subsubsection.3.1.2.11}{\376\377\000B\000B\000L\000\137\000h\000e\000a\000d}{subsection.3.1.2}
\BOOKMARK [3][-]{subsubsection.3.1.2.12}{\376\377\000B\000B\000L\000\137\000i\000s\000H\000e\000a\000d}{subsection.3.1.2}
\BOOKMARK [3][-]{subsubsection.3.1.2.13}{\376\377\000B\000B\000L\000\137\000i\000s\000L\000a\000s\000t\000I\000n\000s\000n}{subsection.3.1.2}
\BOOKMARK [3][-]{subsubsection.3.1.2.14}{\376\377\000B\000B\000L\000\137\000i\000s\000T\000a\000i\000l}{subsection.3.1.2}
\BOOKMARK [3][-]{subsubsection.3.1.2.15}{\376\377\000B\000B\000L\000\137\000j\000u\000m\000p\000T\000a\000r\000g\000e\000t\000s}{subsection.3.1.2}
\BOOKMARK [3][-]{subsubsection.3.1.2.16}{\376\377\000B\000B\000L\000\137\000l\000o\000o\000p}{subsection.3.1.2}
\BOOKMARK [3][-]{subsubsection.3.1.2.17}{\376\377\000B\000B\000L\000\137\000n\000e\000x\000t\000I\000n\000s\000n}{subsection.3.1.2}
\BOOKMARK [3][-]{subsubsection.3.1.2.18}{\376\377\000B\000B\000L\000\137\000s\000i\000z\000e}{subsection.3.1.2}
\BOOKMARK [3][-]{subsubsection.3.1.2.19}{\376\377\000B\000B\000L\000\137\000s\000o\000u\000r\000c\000e\000s}{subsection.3.1.2}
\BOOKMARK [3][-]{subsubsection.3.1.2.20}{\376\377\000B\000B\000L\000\137\000t\000a\000i\000l}{subsection.3.1.2}
\BOOKMARK [3][-]{subsubsection.3.1.2.21}{\376\377\000B\000B\000L\000\137\000t\000a\000r\000g\000e\000t\000s}{subsection.3.1.2}
\BOOKMARK [3][-]{subsubsection.3.1.2.22}{\376\377\000B\000I\000N\000\137\000c\000o\000u\000n\000t\000F\000u\000n\000c}{subsection.3.1.2}
\BOOKMARK [3][-]{subsubsection.3.1.2.23}{\376\377\000B\000I\000N\000\137\000c\000r\000e\000a\000t\000e}{subsection.3.1.2}
\BOOKMARK [3][-]{subsubsection.3.1.2.24}{\376\377\000B\000I\000N\000\137\000d\000e\000s\000t\000r\000o\000y}{subsection.3.1.2}
\BOOKMARK [3][-]{subsubsection.3.1.2.25}{\376\377\000B\000I\000N\000\137\000f\000i\000l\000e\000S\000i\000z\000e}{subsection.3.1.2}
\BOOKMARK [3][-]{subsubsection.3.1.2.26}{\376\377\000B\000I\000N\000\137\000f\000i\000n\000d\000F\000u\000n\000c}{subsection.3.1.2}
\BOOKMARK [3][-]{subsubsection.3.1.2.27}{\376\377\000B\000I\000N\000\137\000f\000i\000r\000s\000t\000F\000u\000n\000c}{subsection.3.1.2}
\BOOKMARK [3][-]{subsubsection.3.1.2.28}{\376\377\000B\000I\000N\000\137\000g\000e\000t\000N\000a\000m\000e}{subsection.3.1.2}
\BOOKMARK [3][-]{subsubsection.3.1.2.29}{\376\377\000B\000I\000N\000\137\000i\000s\000E\000x\000e\000c\000u\000t\000a\000b\000l\000e}{subsection.3.1.2}
\BOOKMARK [3][-]{subsubsection.3.1.2.30}{\376\377\000B\000I\000N\000\137\000i\000s\000L\000a\000s\000t\000F\000u\000n\000c}{subsection.3.1.2}
\BOOKMARK [3][-]{subsubsection.3.1.2.31}{\376\377\000B\000I\000N\000\137\000n\000e\000x\000t\000F\000u\000n\000c}{subsection.3.1.2}
\BOOKMARK [3][-]{subsubsection.3.1.2.32}{\376\377\000B\000I\000N\000\137\000p\000r\000i\000n\000t\000S\000t\000a\000t\000i\000c\000F\000i\000l\000e}{subsection.3.1.2}
\BOOKMARK [3][-]{subsubsection.3.1.2.33}{\376\377\000B\000I\000N\000\137\000r\000u\000n}{subsection.3.1.2}
\BOOKMARK [3][-]{subsubsection.3.1.2.34}{\376\377\000C\000F\000G\000\137\000c\000o\000u\000n\000t\000L\000o\000o\000p}{subsection.3.1.2}
\BOOKMARK [3][-]{subsubsection.3.1.2.35}{\376\377\000C\000F\000G\000\137\000f\000i\000n\000d\000L\000o\000o\000p}{subsection.3.1.2}
\BOOKMARK [3][-]{subsubsection.3.1.2.36}{\376\377\000C\000F\000G\000\137\000f\000i\000r\000s\000t\000L\000o\000o\000p}{subsection.3.1.2}
\BOOKMARK [3][-]{subsubsection.3.1.2.37}{\376\377\000C\000F\000G\000\137\000i\000s\000L\000a\000s\000t\000L\000o\000o\000p}{subsection.3.1.2}
\BOOKMARK [3][-]{subsubsection.3.1.2.38}{\376\377\000C\000F\000G\000\137\000n\000e\000x\000t\000L\000o\000o\000p}{subsection.3.1.2}
\BOOKMARK [3][-]{subsubsection.3.1.2.39}{\376\377\000F\000U\000N\000C\000\137\000a\000d\000d\000r}{subsection.3.1.2}
\BOOKMARK [3][-]{subsubsection.3.1.2.40}{\376\377\000F\000U\000N\000C\000\137\000b\000i\000n}{subsection.3.1.2}
\BOOKMARK [3][-]{subsubsection.3.1.2.41}{\376\377\000F\000U\000N\000C\000\137\000c\000f\000g}{subsection.3.1.2}
\BOOKMARK [3][-]{subsubsection.3.1.2.42}{\376\377\000F\000U\000N\000C\000\137\000c\000o\000u\000n\000t\000B\000b\000l}{subsection.3.1.2}
\BOOKMARK [3][-]{subsubsection.3.1.2.43}{\376\377\000F\000U\000N\000C\000\137\000c\000o\000u\000n\000t\000I\000n\000s\000n}{subsection.3.1.2}
\BOOKMARK [3][-]{subsubsection.3.1.2.44}{\376\377\000F\000U\000N\000C\000\137\000c\000o\000u\000n\000t\000T\000a\000r\000g\000e\000t\000s}{subsection.3.1.2}
\BOOKMARK [3][-]{subsubsection.3.1.2.45}{\376\377\000F\000U\000N\000C\000\137\000c\000r\000e\000a\000t\000e}{subsection.3.1.2}
\BOOKMARK [3][-]{subsubsection.3.1.2.46}{\376\377\000F\000U\000N\000C\000\137\000D\000e\000s\000t\000r\000o\000y}{subsection.3.1.2}
\BOOKMARK [3][-]{subsubsection.3.1.2.47}{\376\377\000F\000U\000N\000C\000\137\000f\000i\000n\000d\000B\000b\000l}{subsection.3.1.2}
\BOOKMARK [3][-]{subsubsection.3.1.2.48}{\376\377\000F\000U\000N\000C\000\137\000f\000i\000n\000d\000I\000n\000s\000n}{subsection.3.1.2}
\BOOKMARK [3][-]{subsubsection.3.1.2.49}{\376\377\000F\000U\000N\000C\000\137\000f\000i\000r\000s\000t\000B\000b\000l}{subsection.3.1.2}
\BOOKMARK [3][-]{subsubsection.3.1.2.50}{\376\377\000F\000U\000N\000C\000\137\000f\000i\000r\000s\000t\000I\000n\000s\000n}{subsection.3.1.2}
\BOOKMARK [3][-]{subsubsection.3.1.2.51}{\376\377\000F\000U\000N\000C\000\137\000i\000s\000L\000a\000s\000t\000B\000b\000l}{subsection.3.1.2}
\BOOKMARK [3][-]{subsubsection.3.1.2.52}{\376\377\000F\000U\000N\000C\000\137\000i\000s\000L\000a\000s\000t\000I\000n\000s\000n}{subsection.3.1.2}
\BOOKMARK [3][-]{subsubsection.3.1.2.53}{\376\377\000F\000U\000N\000C\000\137\000n\000a\000m\000e}{subsection.3.1.2}
\BOOKMARK [3][-]{subsubsection.3.1.2.54}{\376\377\000F\000U\000N\000C\000\137\000n\000e\000x\000t\000B\000b\000l}{subsection.3.1.2}
\BOOKMARK [3][-]{subsubsection.3.1.2.55}{\376\377\000F\000U\000N\000C\000\137\000n\000e\000x\000t\000I\000n\000s\000n}{subsection.3.1.2}
\BOOKMARK [3][-]{subsubsection.3.1.2.56}{\376\377\000F\000U\000N\000C\000\137\000p\000r\000i\000n\000t}{subsection.3.1.2}
\BOOKMARK [3][-]{subsubsection.3.1.2.57}{\376\377\000F\000U\000N\000C\000\137\000s\000e\000c\000N\000a\000m\000e}{subsection.3.1.2}
\BOOKMARK [3][-]{subsubsection.3.1.2.58}{\376\377\000F\000U\000N\000C\000\137\000s\000i\000z\000e}{subsection.3.1.2}
\BOOKMARK [3][-]{subsubsection.3.1.2.59}{\376\377\000F\000U\000N\000C\000\137\000t\000a\000r\000g\000e\000t\000s}{subsection.3.1.2}
\BOOKMARK [3][-]{subsubsection.3.1.2.60}{\376\377\000I\000N\000S\000N\000\137\000a\000d\000d\000r}{subsection.3.1.2}
\BOOKMARK [3][-]{subsubsection.3.1.2.61}{\376\377\000I\000N\000S\000N\000\137\000b\000b\000l}{subsection.3.1.2}
\BOOKMARK [3][-]{subsubsection.3.1.2.62}{\376\377\000I\000N\000S\000N\000\137\000c\000a\000l\000l\000T\000a\000r\000g\000e\000t}{subsection.3.1.2}
\BOOKMARK [3][-]{subsubsection.3.1.2.63}{\376\377\000I\000N\000S\000N\000\137\000c\000o\000n\000d\000N\000a\000m\000e}{subsection.3.1.2}
\BOOKMARK [3][-]{subsubsection.3.1.2.64}{\376\377\000I\000N\000S\000N\000\137\000f\000a\000l\000l\000s\000T\000h\000r\000o\000u\000g\000h}{subsection.3.1.2}
\BOOKMARK [3][-]{subsubsection.3.1.2.65}{\376\377\000I\000N\000S\000N\000\137\000f\000u\000n\000c}{subsection.3.1.2}
\BOOKMARK [3][-]{subsubsection.3.1.2.66}{\376\377\000I\000N\000S\000N\000\137\000i\000s\000B\000r\000a\000n\000c\000h}{subsection.3.1.2}
\BOOKMARK [3][-]{subsubsection.3.1.2.67}{\376\377\000I\000N\000S\000N\000\137\000i\000s\000F\000p\000o\000p}{subsection.3.1.2}
\BOOKMARK [3][-]{subsubsection.3.1.2.68}{\376\377\000I\000N\000S\000N\000\137\000i\000s\000M\000e\000m\000o\000p}{subsection.3.1.2}
\BOOKMARK [3][-]{subsubsection.3.1.2.69}{\376\377\000I\000N\000S\000N\000\137\000l\000o\000o\000p}{subsection.3.1.2}
\BOOKMARK [3][-]{subsubsection.3.1.2.70}{\376\377\000I\000N\000S\000N\000\137\000s\000i\000z\000e}{subsection.3.1.2}
\BOOKMARK [3][-]{subsubsection.3.1.2.71}{\376\377\000I\000N\000S\000N\000\137\000s\000o\000u\000r\000c\000e\000D\000a\000t\000a\000t\000y\000p\000e\000S\000i\000z\000e\000I\000n\000B\000i\000t\000s}{subsection.3.1.2}
\BOOKMARK [3][-]{subsubsection.3.1.2.72}{\376\377\000I\000N\000S\000N\000\137\000s\000o\000u\000r\000c\000e\000R\000e\000g\000i\000s\000t\000e\000r\000S\000i\000z\000e\000I\000n\000B\000i\000t\000s}{subsection.3.1.2}
\BOOKMARK [3][-]{subsubsection.3.1.2.73}{\376\377\000I\000N\000S\000N\000\137\000s\000t\000r\000i\000n\000g}{subsection.3.1.2}
\BOOKMARK [3][-]{subsubsection.3.1.2.74}{\376\377\000I\000N\000S\000N\000\137\000t\000a\000r\000g\000e\000t\000s}{subsection.3.1.2}
\BOOKMARK [3][-]{subsubsection.3.1.2.75}{\376\377\000L\000O\000O\000P\000\137\000c\000f\000g}{subsection.3.1.2}
\BOOKMARK [3][-]{subsubsection.3.1.2.76}{\376\377\000L\000O\000O\000P\000\137\000c\000o\000u\000n\000t\000B\000b\000l}{subsection.3.1.2}
\BOOKMARK [3][-]{subsubsection.3.1.2.77}{\376\377\000L\000O\000O\000P\000\137\000c\000o\000u\000n\000t\000E\000x\000i\000t\000s}{subsection.3.1.2}
\BOOKMARK [3][-]{subsubsection.3.1.2.78}{\376\377\000L\000O\000O\000P\000\137\000c\000o\000u\000n\000t\000I\000n\000s\000n}{subsection.3.1.2}
\BOOKMARK [3][-]{subsubsection.3.1.2.79}{\376\377\000L\000O\000O\000P\000\137\000d\000e\000p\000t\000h}{subsection.3.1.2}
\BOOKMARK [3][-]{subsubsection.3.1.2.80}{\376\377\000L\000O\000O\000P\000\137\000e\000x\000i\000t\000s}{subsection.3.1.2}
\BOOKMARK [3][-]{subsubsection.3.1.2.81}{\376\377\000L\000O\000O\000P\000\137\000f\000i\000n\000d\000B\000b\000l}{subsection.3.1.2}
\BOOKMARK [3][-]{subsubsection.3.1.2.82}{\376\377\000L\000O\000O\000P\000\137\000f\000i\000n\000d\000I\000n\000s\000n}{subsection.3.1.2}
\BOOKMARK [3][-]{subsubsection.3.1.2.83}{\376\377\000L\000O\000O\000P\000\137\000f\000i\000r\000s\000t\000B\000b\000l}{subsection.3.1.2}
\BOOKMARK [3][-]{subsubsection.3.1.2.84}{\376\377\000L\000O\000O\000P\000\137\000f\000i\000r\000s\000t\000I\000n\000s\000n}{subsection.3.1.2}
\BOOKMARK [3][-]{subsubsection.3.1.2.85}{\376\377\000L\000O\000O\000P\000\137\000f\000u\000n\000c}{subsection.3.1.2}
\BOOKMARK [3][-]{subsubsection.3.1.2.86}{\376\377\000L\000O\000O\000P\000\137\000h\000e\000a\000d}{subsection.3.1.2}
\BOOKMARK [3][-]{subsubsection.3.1.2.87}{\376\377\000L\000O\000O\000P\000\137\000i\000n\000d\000e\000x}{subsection.3.1.2}
\BOOKMARK [3][-]{subsubsection.3.1.2.88}{\376\377\000L\000O\000O\000P\000\137\000i\000s\000I\000n\000n\000e\000r\000L\000o\000o\000p}{subsection.3.1.2}
\BOOKMARK [3][-]{subsubsection.3.1.2.89}{\376\377\000L\000O\000O\000P\000\137\000i\000s\000L\000a\000s\000t\000B\000b\000l}{subsection.3.1.2}
\BOOKMARK [3][-]{subsubsection.3.1.2.90}{\376\377\000L\000O\000O\000P\000\137\000i\000s\000L\000a\000s\000t\000I\000n\000s\000n}{subsection.3.1.2}
\BOOKMARK [3][-]{subsubsection.3.1.2.91}{\376\377\000L\000O\000O\000P\000\137\000n\000e\000x\000t\000B\000b\000l}{subsection.3.1.2}
\BOOKMARK [3][-]{subsubsection.3.1.2.92}{\376\377\000L\000O\000O\000P\000\137\000n\000e\000x\000t\000I\000n\000s\000n}{subsection.3.1.2}
\BOOKMARK [3][-]{subsubsection.3.1.2.93}{\376\377\000L\000O\000O\000P\000\137\000p\000a\000r\000e\000n\000t}{subsection.3.1.2}
\BOOKMARK [3][-]{subsubsection.3.1.2.94}{\376\377\000L\000O\000O\000P\000\137\000s\000i\000z\000e}{subsection.3.1.2}
\BOOKMARK [3][-]{subsubsection.3.1.2.95}{\376\377\000L\000O\000O\000P\000\137\000t\000a\000i\000l}{subsection.3.1.2}
\BOOKMARK [0][-]{chapter.4}{\376\377\000F\000i\000l\000e\000\040\000D\000o\000c\000u\000m\000e\000n\000t\000a\000t\000i\000o\000n}{}
\BOOKMARK [1][-]{section.4.1}{\376\377\000I\000n\000t\000e\000r\000f\000a\000c\000e\000.\000h\000p\000p\000\040\000F\000i\000l\000e\000\040\000R\000e\000f\000e\000r\000e\000n\000c\000e}{chapter.4}
\BOOKMARK [2][-]{subsection.4.1.1}{\376\377\000D\000e\000t\000a\000i\000l\000e\000d\000\040\000D\000e\000s\000c\000r\000i\000p\000t\000i\000o\000n}{section.4.1}
\BOOKMARK [2][-]{subsection.4.1.2}{\376\377\000L\000I\000C\000E\000N\000S\000E}{section.4.1}
